# Logfile created on 2010-02-22 18:15:37 -0400 by logger.rb/20321
REQUESTING PAGE: GET /people/new with {} and HTTP headers {}
REQUESTING PAGE: GET /people/new with {} and HTTP headers {}
REQUESTING PAGE: POST /people with {"person[name]"=>"name 1", "commit"=>"Create Person"} and HTTP headers {"HTTP_REFERER"=>"/people/new"}
REQUESTING PAGE: GET http://www.example.com/people with {} and HTTP headers {}
REQUESTING PAGE: GET /people/3 with {} and HTTP headers {"HTTP_REFERER"=>"http://www.example.com/people"}
REQUESTING PAGE: GET /people/new with {} and HTTP headers {}
REQUESTING PAGE: POST /people with {"person[name]"=>"name 1", "commit"=>"Create Person"} and HTTP headers {"HTTP_REFERER"=>"/people/new"}
REQUESTING PAGE: GET http://www.example.com/people with {} and HTTP headers {}
REQUESTING PAGE: GET /people/3 with {} and HTTP headers {"HTTP_REFERER"=>"http://www.example.com/people"}
REQUESTING PAGE: GET /people/new with {} and HTTP headers {}
REQUESTING PAGE: POST /people with {"person[name]"=>"name 1", "commit"=>"Create Person"} and HTTP headers {"HTTP_REFERER"=>"/people/new"}
REQUESTING PAGE: GET http://www.example.com/people with {} and HTTP headers {}
REQUESTING PAGE: GET /people/3 with {} and HTTP headers {"HTTP_REFERER"=>"http://www.example.com/people"}
REQUESTING PAGE: GET /people/new with {} and HTTP headers {}
REQUESTING PAGE: POST /people with {"person[name]"=>"name 1", "commit"=>"Create Person"} and HTTP headers {"HTTP_REFERER"=>"/people/new"}
REQUESTING PAGE: GET /people with {} and HTTP headers {"HTTP_REFERER"=>"/people"}
REQUESTING PAGE: GET http://www.example.com/people with {} and HTTP headers {}
REQUESTING PAGE: GET /people/3 with {} and HTTP headers {"HTTP_REFERER"=>"http://www.example.com/people"}
REQUESTING PAGE: GET http://www.example.com/people with {} and HTTP headers {}
REQUESTING PAGE: GET /people/3 with {} and HTTP headers {"HTTP_REFERER"=>"http://www.example.com/people"}
REQUESTING PAGE: GET http://www.example.com/people with {} and HTTP headers {}
REQUESTING PAGE: GET /people/3 with {} and HTTP headers {"HTTP_REFERER"=>"http://www.example.com/people"}
REQUESTING PAGE: GET http://www.example.com/people with {} and HTTP headers {"HTTP_REFERER"=>"/people/3"}
REQUESTING PAGE: GET http://www.example.com/people with {} and HTTP headers {}
REQUESTING PAGE: GET /people/3 with {} and HTTP headers {"HTTP_REFERER"=>"http://www.example.com/people"}
REQUESTING PAGE: GET http://www.example.com/people with {} and HTTP headers {"HTTP_REFERER"=>"/people/3"}
REQUESTING PAGE: GET http://www.example.com/people with {} and HTTP headers {}
REQUESTING PAGE: GET /people/3 with {} and HTTP headers {"HTTP_REFERER"=>"http://www.example.com/people"}
REQUESTING PAGE: GET http://www.example.com/people with {} and HTTP headers {"HTTP_REFERER"=>"/people/3"}
REQUESTING PAGE: GET http://www.example.com/people with {} and HTTP headers {}
REQUESTING PAGE: GET /people/3 with {} and HTTP headers {"HTTP_REFERER"=>"http://www.example.com/people"}
REQUESTING PAGE: GET http://www.example.com/people with {} and HTTP headers {"HTTP_REFERER"=>"/people/3"}
REQUESTING PAGE: GET http://www.example.com/people with {} and HTTP headers {}
REQUESTING PAGE: GET /people/3 with {} and HTTP headers {"HTTP_REFERER"=>"http://www.example.com/people"}
REQUESTING PAGE: GET http://www.example.com/people with {} and HTTP headers {"HTTP_REFERER"=>"/people/3"}
REQUESTING PAGE: GET http://www.example.com/people with {} and HTTP headers {}
REQUESTING PAGE: GET /people/3 with {} and HTTP headers {"HTTP_REFERER"=>"http://www.example.com/people"}
REQUESTING PAGE: GET http://www.example.com/people with {} and HTTP headers {}
REQUESTING PAGE: GET /people/3 with {} and HTTP headers {"HTTP_REFERER"=>"http://www.example.com/people"}
REQUESTING PAGE: GET http://www.example.com/people with {} and HTTP headers {"HTTP_REFERER"=>"/people/3"}
REQUESTING PAGE: GET /people/new with {} and HTTP headers {}
REQUESTING PAGE: POST /people with {"person[name]"=>"name 1", "commit"=>"Create Person"} and HTTP headers {"HTTP_REFERER"=>"/people/new"}
REQUESTING PAGE: GET /people with {} and HTTP headers {"HTTP_REFERER"=>"/people"}
REQUESTING PAGE: GET /posts/new with {} and HTTP headers {}
REQUESTING PAGE: POST /posts with {"post[title]"=>"title 1", "commit"=>"Create Post"} and HTTP headers {"HTTP_REFERER"=>"/posts/new"}
REQUESTING PAGE: GET /people/new with {} and HTTP headers {}
REQUESTING PAGE: POST /people with {"person[name]"=>"name 1", "commit"=>"Create Person"} and HTTP headers {"HTTP_REFERER"=>"/people/new"}
REQUESTING PAGE: GET /posts/new with {} and HTTP headers {}
REQUESTING PAGE: POST /posts with {"post[title]"=>"title 1", "commit"=>"Create Post"} and HTTP headers {"HTTP_REFERER"=>"/posts/new"}
REQUESTING PAGE: GET /people with {} and HTTP headers {"HTTP_REFERER"=>"/posts"}
REQUESTING PAGE: GET /people/new with {} and HTTP headers {}
REQUESTING PAGE: POST /people with {"person[name]"=>"name 1", "commit"=>"Create Person"} and HTTP headers {"HTTP_REFERER"=>"/people/new"}
REQUESTING PAGE: GET /posts/new with {} and HTTP headers {}
REQUESTING PAGE: POST /posts with {"post[title]"=>"title 1", "commit"=>"Create Post"} and HTTP headers {"HTTP_REFERER"=>"/posts/new"}
REQUESTING PAGE: GET /people with {} and HTTP headers {"HTTP_REFERER"=>"/posts"}
REQUESTING PAGE: GET /people/new with {} and HTTP headers {}
REQUESTING PAGE: POST /people with {"person[name]"=>"name 1", "commit"=>"Create Person"} and HTTP headers {"HTTP_REFERER"=>"/people/new"}
REQUESTING PAGE: GET /posts/new with {} and HTTP headers {}
REQUESTING PAGE: POST /posts with {"post[title]"=>"title 1", "commit"=>"Create Post"} and HTTP headers {"HTTP_REFERER"=>"/posts/new"}
REQUESTING PAGE: GET /people/new with {} and HTTP headers {}
REQUESTING PAGE: POST /people with {"person[name]"=>"name 1", "commit"=>"Create Person"} and HTTP headers {"HTTP_REFERER"=>"/people/new"}
REQUESTING PAGE: GET /people with {} and HTTP headers {"HTTP_REFERER"=>"/people"}
REQUESTING PAGE: GET /posts/new with {} and HTTP headers {}
REQUESTING PAGE: POST /posts with {"post[title]"=>"title 1", "commit"=>"Create Post"} and HTTP headers {"HTTP_REFERER"=>"/posts/new"}
REQUESTING PAGE: GET /posts with {} and HTTP headers {"HTTP_REFERER"=>"/posts"}
